<?xml version="1.0" encoding="UTF-8" ?>
<testsuite tests="5" failures="0" name="br.com.fiap.RunCucumberTest" time="54.874" errors="0" skipped="0">
  <properties>
[...]
</properties>
  <testcase classname="Venda de produtos para Loja" name="Cliente quer verificar disponibilidade de um produto" time="15.649"/>
  <testcase classname="Venda de produtos para Loja" name="Cliente quer verificar disponibilidade de um produto" time="9.942"/>
  <testcase classname="Venda de produtos para Loja" name="Cliente quer verificar disponibilidade de um produto" time="9.79"/>
  <testcase classname="Venda de produtos para Loja" name="Cliente quer verificar disponibilidade de um produto" time="9.638"/>
  <testcase classname="Venda de produtos para Loja" name="Cliente quer verificar disponibilidade de um produto" time="9.855"/>
</testsuite>